0 info it worked if it ends with ok
1 verbose cli [ 'c:\\software\\nodejs\\node.exe',
1 verbose cli   'c:\\software\\nodejs\\node_modules\\npm\\bin\\npm-cli.js',
1 verbose cli   'install',
1 verbose cli   'formidable' ]
2 info using npm@1.4.28
3 info using node@v0.10.35
4 warn package.json node-streams@1.0.0 No description
5 warn package.json node-streams@1.0.0 No repository field.
6 warn package.json node-streams@1.0.0 No README data
7 verbose readDependencies using package.json deps
8 verbose cache add [ 'formidable', null ]
9 verbose cache add name=undefined spec="formidable" args=["formidable",null]
10 verbose parsed url { protocol: null,
10 verbose parsed url   slashes: null,
10 verbose parsed url   auth: null,
10 verbose parsed url   host: null,
10 verbose parsed url   port: null,
10 verbose parsed url   hostname: null,
10 verbose parsed url   hash: null,
10 verbose parsed url   search: null,
10 verbose parsed url   query: null,
10 verbose parsed url   pathname: 'formidable',
10 verbose parsed url   path: 'formidable',
10 verbose parsed url   href: 'formidable' }
11 silly lockFile 8fdd0b7c-formidable formidable
12 verbose lock formidable C:\Users\nambekar\AppData\Roaming\npm-cache\8fdd0b7c-formidable.lock
13 silly lockFile 8fdd0b7c-formidable formidable
14 silly lockFile 8fdd0b7c-formidable formidable
15 verbose addNamed [ 'formidable', '' ]
16 verbose addNamed [ null, '*' ]
17 silly lockFile fedfde19-formidable formidable@
18 verbose lock formidable@ C:\Users\nambekar\AppData\Roaming\npm-cache\fedfde19-formidable.lock
19 silly addNameRange { name: 'formidable', range: '*', hasData: false }
20 verbose request where is /nexus/content/groups/Equinix-NPM-Release/formidable
21 verbose request registry http://nexus.corp.equinix.com/
22 verbose request id 90831058f62965b4
23 verbose url raw /nexus/content/groups/Equinix-NPM-Release/formidable
24 verbose url resolving [ 'http://nexus.corp.equinix.com/',
24 verbose url resolving   './nexus/content/groups/Equinix-NPM-Release/formidable' ]
25 verbose url resolved http://nexus.corp.equinix.com/nexus/content/groups/Equinix-NPM-Release/formidable
26 verbose request where is http://nexus.corp.equinix.com/nexus/content/groups/Equinix-NPM-Release/formidable
27 info trying registry request attempt 1 at 17:07:38
28 http GET http://nexus.corp.equinix.com/nexus/content/groups/Equinix-NPM-Release/formidable
29 info retry will retry, error on last attempt: Error: getaddrinfo ENOTFOUND
30 info trying registry request attempt 2 at 17:07:48
31 http GET http://nexus.corp.equinix.com/nexus/content/groups/Equinix-NPM-Release/formidable
32 info retry will retry, error on last attempt: Error: getaddrinfo ENOTFOUND
33 info trying registry request attempt 3 at 17:08:48
34 http GET http://nexus.corp.equinix.com/nexus/content/groups/Equinix-NPM-Release/formidable
35 silly lockFile fedfde19-formidable formidable@
36 silly lockFile fedfde19-formidable formidable@
37 error network getaddrinfo ENOTFOUND
37 error network This is most likely not a problem with npm itself
37 error network and is related to network connectivity.
37 error network In most cases you are behind a proxy or have bad network settings.
37 error network
37 error network If you are behind a proxy, please make sure that the
37 error network 'proxy' config is set properly.  See: 'npm help config'
38 error System Windows_NT 6.1.7601
39 error command "c:\\software\\nodejs\\node.exe" "c:\\software\\nodejs\\node_modules\\npm\\bin\\npm-cli.js" "install" "formidable"
40 error cwd c:\node-training\node-assignments\node-streams
41 error node -v v0.10.35
42 error npm -v 1.4.28
43 error syscall getaddrinfo
44 error code ENOTFOUND
45 error errno ENOTFOUND
46 verbose exit [ 1, true ]
